Determining if the pthread_create exist failed with the following output:
Change Dir: /home/aubailly/Bureau/Vision/TP2/ws_cam/build/CMakeFiles/CMakeTmp

Run Build Command:"/usr/bin/make" "cmTC_a93ca/fast"
/usr/bin/make -f CMakeFiles/cmTC_a93ca.dir/build.make CMakeFiles/cmTC_a93ca.dir/build
make[1] : on entre dans le répertoire « /home/aubailly/Bureau/Vision/TP2/ws_cam/build/CMakeFiles/CMakeTmp »
Building C object CMakeFiles/cmTC_a93ca.dir/CheckSymbolExists.c.o
/usr/bin/cc    -o CMakeFiles/cmTC_a93ca.dir/CheckSymbolExists.c.o   -c /home/aubailly/Bureau/Vision/TP2/ws_cam/build/CMakeFiles/CMakeTmp/CheckSymbolExists.c
Linking C executable cmTC_a93ca
/usr/bin/cmake -E cmake_link_script CMakeFiles/cmTC_a93ca.dir/link.txt --verbose=1
/usr/bin/cc      -rdynamic CMakeFiles/cmTC_a93ca.dir/CheckSymbolExists.c.o  -o cmTC_a93ca 
CMakeFiles/cmTC_a93ca.dir/CheckSymbolExists.c.o : Dans la fonction « main » :
CheckSymbolExists.c:(.text+0x1b) : référence indéfinie vers « pthread_create »
collect2: error: ld returned 1 exit status
CMakeFiles/cmTC_a93ca.dir/build.make:97: recipe for target 'cmTC_a93ca' failed
make[1]: *** [cmTC_a93ca] Error 1
make[1] : on quitte le répertoire « /home/aubailly/Bureau/Vision/TP2/ws_cam/build/CMakeFiles/CMakeTmp »
Makefile:126: recipe for target 'cmTC_a93ca/fast' failed
make: *** [cmTC_a93ca/fast] Error 2

File /home/aubailly/Bureau/Vision/TP2/ws_cam/build/CMakeFiles/CMakeTmp/CheckSymbolExists.c:
/* */
#include <pthread.h>

int main(int argc, char** argv)
{
  (void)argv;
#ifndef pthread_create
  return ((int*)(&pthread_create))[argc];
#else
  (void)argc;
  return 0;
#endif
}

Determining if the function pthread_create exists in the pthreads failed with the following output:
Change Dir: /home/aubailly/Bureau/Vision/TP2/ws_cam/build/CMakeFiles/CMakeTmp

Run Build Command:"/usr/bin/make" "cmTC_5e2d5/fast"
/usr/bin/make -f CMakeFiles/cmTC_5e2d5.dir/build.make CMakeFiles/cmTC_5e2d5.dir/build
make[1] : on entre dans le répertoire « /home/aubailly/Bureau/Vision/TP2/ws_cam/build/CMakeFiles/CMakeTmp »
Building C object CMakeFiles/cmTC_5e2d5.dir/CheckFunctionExists.c.o
/usr/bin/cc   -DCHECK_FUNCTION_EXISTS=pthread_create   -o CMakeFiles/cmTC_5e2d5.dir/CheckFunctionExists.c.o   -c /usr/share/cmake-3.10/Modules/CheckFunctionExists.c
Linking C executable cmTC_5e2d5
/usr/bin/cmake -E cmake_link_script CMakeFiles/cmTC_5e2d5.dir/link.txt --verbose=1
/usr/bin/cc  -DCHECK_FUNCTION_EXISTS=pthread_create    -rdynamic CMakeFiles/cmTC_5e2d5.dir/CheckFunctionExists.c.o  -o cmTC_5e2d5 -lpthreads 
/usr/bin/ld : ne peut trouver -lpthreads
collect2: error: ld returned 1 exit status
CMakeFiles/cmTC_5e2d5.dir/build.make:97: recipe for target 'cmTC_5e2d5' failed
make[1]: *** [cmTC_5e2d5] Error 1
make[1] : on quitte le répertoire « /home/aubailly/Bureau/Vision/TP2/ws_cam/build/CMakeFiles/CMakeTmp »
Makefile:126: recipe for target 'cmTC_5e2d5/fast' failed
make: *** [cmTC_5e2d5/fast] Error 2


